Analysis & Synthesis report for GeneralDatapath
Wed Oct 15 15:59:25 2014
Quartus II Version 9.1 Build 222 10/21/2009 SJ Web Edition


---------------------
; Table of Contents ;
---------------------
  1. Legal Notice
  2. Analysis & Synthesis Summary
  3. Analysis & Synthesis Settings
  4. Parallel Compilation
  5. Analysis & Synthesis Source Files Read
  6. Analysis & Synthesis Resource Usage Summary
  7. Analysis & Synthesis Resource Utilization by Entity
  8. Analysis & Synthesis RAM Summary
  9. General Register Statistics
 10. Registers Packed Into Inferred Megafunctions
 11. Multiplexer Restructuring Statistics (Restructuring Performed)
 12. Source assignments for RAM_8bits:comb_42|altsyncram:RAM_rtl_0|altsyncram_ohd1:auto_generated
 13. Parameter Settings for Inferred Entity Instance: RAM_8bits:comb_42|altsyncram:RAM_rtl_0
 14. altsyncram Parameter Settings by Entity Instance
 15. Port Connectivity Checks: "RAM_8bits:comb_42"
 16. Port Connectivity Checks: "Register_5bits:comb_39"
 17. Port Connectivity Checks: "Mux2to1_5bits:comb_38"
 18. Analysis & Synthesis Messages
 19. Analysis & Synthesis Suppressed Messages



----------------
; Legal Notice ;
----------------
Copyright (C) 1991-2009 Altera Corporation
Your use of Altera Corporation's design tools, logic functions 
and other software and tools, and its AMPP partner logic 
functions, and any output files from any of the foregoing 
(including device programming or simulation files), and any 
associated documentation or information are expressly subject 
to the terms and conditions of the Altera Program License 
Subscription Agreement, Altera MegaCore Function License 
Agreement, or other applicable license agreement, including, 
without limitation, that your use is for the sole purpose of 
programming logic devices manufactured by Altera and sold by 
Altera or its authorized distributors.  Please refer to the 
applicable agreement for further details.



+------------------------------------------------------------------------------+
; Analysis & Synthesis Summary                                                 ;
+------------------------------------+-----------------------------------------+
; Analysis & Synthesis Status        ; Successful - Wed Oct 15 15:59:25 2014   ;
; Quartus II Version                 ; 9.1 Build 222 10/21/2009 SJ Web Edition ;
; Revision Name                      ; GeneralDatapath                         ;
; Top-level Entity Name              ; datapath                                ;
; Family                             ; Cyclone II                              ;
; Total logic elements               ; 62                                      ;
;     Total combinational functions  ; 62                                      ;
;     Dedicated logic registers      ; 21                                      ;
; Total registers                    ; 21                                      ;
; Total pins                         ; 40                                      ;
; Total virtual pins                 ; 0                                       ;
; Total memory bits                  ; 256                                     ;
; Embedded Multiplier 9-bit elements ; 0                                       ;
; Total PLLs                         ; 0                                       ;
+------------------------------------+-----------------------------------------+


+----------------------------------------------------------------------------------------------------------------------+
; Analysis & Synthesis Settings                                                                                        ;
+----------------------------------------------------------------------------+--------------------+--------------------+
; Option                                                                     ; Setting            ; Default Value      ;
+----------------------------------------------------------------------------+--------------------+--------------------+
; Device                                                                     ; EP2C15AF484C7      ;                    ;
; Top-level entity name                                                      ; datapath           ; GeneralDatapath    ;
; Family name                                                                ; Cyclone II         ; Stratix II         ;
; Use Generated Physical Constraints File                                    ; Off                ;                    ;
; Use smart compilation                                                      ; Off                ; Off                ;
; Enable parallel Assembler and TimeQuest Timing Analyzer during compilation ; On                 ; On                 ;
; Enable compact report table                                                ; Off                ; Off                ;
; Restructure Multiplexers                                                   ; Auto               ; Auto               ;
; Create Debugging Nodes for IP Cores                                        ; Off                ; Off                ;
; Preserve fewer node names                                                  ; On                 ; On                 ;
; Disable OpenCore Plus hardware evaluation                                  ; Off                ; Off                ;
; Verilog Version                                                            ; Verilog_2001       ; Verilog_2001       ;
; VHDL Version                                                               ; VHDL_1993          ; VHDL_1993          ;
; State Machine Processing                                                   ; Auto               ; Auto               ;
; Safe State Machine                                                         ; Off                ; Off                ;
; Extract Verilog State Machines                                             ; On                 ; On                 ;
; Extract VHDL State Machines                                                ; On                 ; On                 ;
; Ignore Verilog initial constructs                                          ; Off                ; Off                ;
; Iteration limit for constant Verilog loops                                 ; 5000               ; 5000               ;
; Iteration limit for non-constant Verilog loops                             ; 250                ; 250                ;
; Add Pass-Through Logic to Inferred RAMs                                    ; On                 ; On                 ;
; Parallel Synthesis                                                         ; On                 ; On                 ;
; DSP Block Balancing                                                        ; Auto               ; Auto               ;
; NOT Gate Push-Back                                                         ; On                 ; On                 ;
; Power-Up Don't Care                                                        ; On                 ; On                 ;
; Remove Redundant Logic Cells                                               ; Off                ; Off                ;
; Remove Duplicate Registers                                                 ; On                 ; On                 ;
; Ignore CARRY Buffers                                                       ; Off                ; Off                ;
; Ignore CASCADE Buffers                                                     ; Off                ; Off                ;
; Ignore GLOBAL Buffers                                                      ; Off                ; Off                ;
; Ignore ROW GLOBAL Buffers                                                  ; Off                ; Off                ;
; Ignore LCELL Buffers                                                       ; Off                ; Off                ;
; Ignore SOFT Buffers                                                        ; On                 ; On                 ;
; Limit AHDL Integers to 32 Bits                                             ; Off                ; Off                ;
; Optimization Technique                                                     ; Balanced           ; Balanced           ;
; Carry Chain Length                                                         ; 70                 ; 70                 ;
; Auto Carry Chains                                                          ; On                 ; On                 ;
; Auto Open-Drain Pins                                                       ; On                 ; On                 ;
; Perform WYSIWYG Primitive Resynthesis                                      ; Off                ; Off                ;
; Auto ROM Replacement                                                       ; On                 ; On                 ;
; Auto RAM Replacement                                                       ; On                 ; On                 ;
; Auto Shift Register Replacement                                            ; Auto               ; Auto               ;
; Auto Clock Enable Replacement                                              ; On                 ; On                 ;
; Strict RAM Replacement                                                     ; Off                ; Off                ;
; Allow Synchronous Control Signals                                          ; On                 ; On                 ;
; Force Use of Synchronous Clear Signals                                     ; Off                ; Off                ;
; Auto RAM to Logic Cell Conversion                                          ; Off                ; Off                ;
; Auto Resource Sharing                                                      ; Off                ; Off                ;
; Allow Any RAM Size For Recognition                                         ; Off                ; Off                ;
; Allow Any ROM Size For Recognition                                         ; Off                ; Off                ;
; Allow Any Shift Register Size For Recognition                              ; Off                ; Off                ;
; Use LogicLock Constraints during Resource Balancing                        ; On                 ; On                 ;
; Ignore translate_off and synthesis_off directives                          ; Off                ; Off                ;
; Timing-Driven Synthesis                                                    ; Off                ; Off                ;
; Show Parameter Settings Tables in Synthesis Report                         ; On                 ; On                 ;
; Ignore Maximum Fan-Out Assignments                                         ; Off                ; Off                ;
; Synchronization Register Chain Length                                      ; 2                  ; 2                  ;
; PowerPlay Power Optimization                                               ; Normal compilation ; Normal compilation ;
; HDL message level                                                          ; Level2             ; Level2             ;
; Suppress Register Optimization Related Messages                            ; Off                ; Off                ;
; Number of Removed Registers Reported in Synthesis Report                   ; 100                ; 100                ;
; Number of Inverted Registers Reported in Synthesis Report                  ; 100                ; 100                ;
; Clock MUX Protection                                                       ; On                 ; On                 ;
; Auto Gated Clock Conversion                                                ; Off                ; Off                ;
; Block Design Naming                                                        ; Auto               ; Auto               ;
; SDC constraint protection                                                  ; Off                ; Off                ;
; Synthesis Effort                                                           ; Auto               ; Auto               ;
; Shift Register Replacement - Allow Asynchronous Clear Signal               ; On                 ; On                 ;
; Analysis & Synthesis Message Level                                         ; Medium             ; Medium             ;
; Disable Register Merging Across Hierarchies                                ; Auto               ; Auto               ;
; Resource Aware Inference For Block RAM                                     ; On                 ; On                 ;
+----------------------------------------------------------------------------+--------------------+--------------------+


Parallel compilation was disabled, but you have multiple processors available. Enable parallel compilation to reduce compilation time.
+-------------------------------------+
; Parallel Compilation                ;
+----------------------------+--------+
; Processors                 ; Number ;
+----------------------------+--------+
; Number detected on machine ; 4      ;
; Maximum allowed            ; 1      ;
+----------------------------+--------+


+--------------------------------------------------------------------------------------------------------------------------------------------------------------------------+
; Analysis & Synthesis Source Files Read                                                                                                                                   ;
+------------------------------------+-----------------+------------------------------+------------------------------------------------------------------------------------+
; File Name with User-Entered Path   ; Used in Netlist ; File Type                    ; File Name with Absolute Path                                                       ;
+------------------------------------+-----------------+------------------------------+------------------------------------------------------------------------------------+
; ../Register_8bits/Register_8bits.v ; yes             ; User Verilog HDL File        ; C:/Users/Student/Desktop/ASICandFPGAProject/Register_8bits/Register_8bits.v        ;
; ../RAM_8bits/RAM_8bits.v           ; yes             ; User Verilog HDL File        ; C:/Users/Student/Desktop/ASICandFPGAProject/RAM_8bits/RAM_8bits.v                  ;
; ../Mux4to1_8bits/Mux4to1_8bits.v   ; yes             ; User Verilog HDL File        ; C:/Users/Student/Desktop/ASICandFPGAProject/Mux4to1_8bits/Mux4to1_8bits.v          ;
; ../Register_5bits/Register_5bits.v ; yes             ; User Verilog HDL File        ; C:/Users/Student/Desktop/ASICandFPGAProject/Register_5bits/Register_5bits.v        ;
; ../Mux2to1_5bits/Mux2to1_5bits.v   ; yes             ; User Verilog HDL File        ; C:/Users/Student/Desktop/ASICandFPGAProject/Mux2to1_5bits/Mux2to1_5bits.v          ;
; GeneralDatapath.v                  ; yes             ; User Verilog HDL File        ; C:/Users/Student/Desktop/ASICandFPGAProject/GeneralDatapath/GeneralDatapath.v      ;
; altsyncram.tdf                     ; yes             ; Megafunction                 ; c:/altera/91/quartus/libraries/megafunctions/altsyncram.tdf                        ;
; db/altsyncram_ohd1.tdf             ; yes             ; Auto-Generated Megafunction  ; C:/Users/Student/Desktop/ASICandFPGAProject/GeneralDatapath/db/altsyncram_ohd1.tdf ;
+------------------------------------+-----------------+------------------------------+------------------------------------------------------------------------------------+


+-----------------------------------------------------+
; Analysis & Synthesis Resource Usage Summary         ;
+---------------------------------------------+-------+
; Resource                                    ; Usage ;
+---------------------------------------------+-------+
; Estimated Total logic elements              ; 62    ;
;                                             ;       ;
; Total combinational functions               ; 62    ;
; Logic element usage by number of LUT inputs ;       ;
;     -- 4 input functions                    ; 13    ;
;     -- 3 input functions                    ; 22    ;
;     -- <=2 input functions                  ; 27    ;
;                                             ;       ;
; Logic elements by mode                      ;       ;
;     -- normal mode                          ; 50    ;
;     -- arithmetic mode                      ; 12    ;
;                                             ;       ;
; Total registers                             ; 21    ;
;     -- Dedicated logic registers            ; 21    ;
;     -- I/O registers                        ; 0     ;
;                                             ;       ;
; I/O pins                                    ; 40    ;
; Total memory bits                           ; 256   ;
; Maximum fan-out node                        ; clock ;
; Maximum fan-out                             ; 29    ;
; Total fan-out                               ; 324   ;
; Average fan-out                             ; 2.47  ;
+---------------------------------------------+-------+


+--------------------------------------------------------------------------------------------------------------------------------------------------------------------------------------------------------------------------------------------------------+
; Analysis & Synthesis Resource Utilization by Entity                                                                                                                                                                                                    ;
+-------------------------------------------+-------------------+--------------+-------------+--------------+---------+-----------+------+--------------+---------------------------------------------------------------------------------+--------------+
; Compilation Hierarchy Node                ; LC Combinationals ; LC Registers ; Memory Bits ; DSP Elements ; DSP 9x9 ; DSP 18x18 ; Pins ; Virtual Pins ; Full Hierarchy Name                                                             ; Library Name ;
+-------------------------------------------+-------------------+--------------+-------------+--------------+---------+-----------+------+--------------+---------------------------------------------------------------------------------+--------------+
; |datapath                                 ; 62 (46)           ; 21 (0)       ; 256         ; 0            ; 0       ; 0         ; 40   ; 0            ; |datapath                                                                       ; work         ;
;    |Mux2to1_5bits:comb_41|                ; 5 (5)             ; 0 (0)        ; 0           ; 0            ; 0       ; 0         ; 0    ; 0            ; |datapath|Mux2to1_5bits:comb_41                                                 ; work         ;
;    |RAM_8bits:comb_42|                    ; 0 (0)             ; 0 (0)        ; 256         ; 0            ; 0       ; 0         ; 0    ; 0            ; |datapath|RAM_8bits:comb_42                                                     ; work         ;
;       |altsyncram:RAM_rtl_0|              ; 0 (0)             ; 0 (0)        ; 256         ; 0            ; 0       ; 0         ; 0    ; 0            ; |datapath|RAM_8bits:comb_42|altsyncram:RAM_rtl_0                                ;              ;
;          |altsyncram_ohd1:auto_generated| ; 0 (0)             ; 0 (0)        ; 256         ; 0            ; 0       ; 0         ; 0    ; 0            ; |datapath|RAM_8bits:comb_42|altsyncram:RAM_rtl_0|altsyncram_ohd1:auto_generated ;              ;
;    |Register_5bits:comb_39|               ; 1 (1)             ; 5 (5)        ; 0           ; 0            ; 0       ; 0         ; 0    ; 0            ; |datapath|Register_5bits:comb_39                                                ; work         ;
;    |Register_8bits:comb_34|               ; 9 (9)             ; 8 (8)        ; 0           ; 0            ; 0       ; 0         ; 0    ; 0            ; |datapath|Register_8bits:comb_34                                                ; work         ;
;    |Register_8bits:comb_4|                ; 1 (1)             ; 8 (8)        ; 0           ; 0            ; 0       ; 0         ; 0    ; 0            ; |datapath|Register_8bits:comb_4                                                 ; work         ;
+-------------------------------------------+-------------------+--------------+-------------+--------------+---------+-----------+------+--------------+---------------------------------------------------------------------------------+--------------+
Note: For table entries with two numbers listed, the numbers in parentheses indicate the number of resources of the given type used by the specific entity alone. The numbers listed outside of parentheses indicate the total resources of the given type used by the specific entity and all of its sub-entities in the hierarchy.


+--------------------------------------------------------------------------------------------------------------------------------------------------------------------------------------+
; Analysis & Synthesis RAM Summary                                                                                                                                                     ;
+----------------------------------------------------------------------------------+------+------------------+--------------+--------------+--------------+--------------+------+------+
; Name                                                                             ; Type ; Mode             ; Port A Depth ; Port A Width ; Port B Depth ; Port B Width ; Size ; MIF  ;
+----------------------------------------------------------------------------------+------+------------------+--------------+--------------+--------------+--------------+------+------+
; RAM_8bits:comb_42|altsyncram:RAM_rtl_0|altsyncram_ohd1:auto_generated|ALTSYNCRAM ; AUTO ; Simple Dual Port ; 32           ; 8            ; 32           ; 8            ; 256  ; None ;
+----------------------------------------------------------------------------------+------+------------------+--------------+--------------+--------------+--------------+------+------+


+------------------------------------------------------+
; General Register Statistics                          ;
+----------------------------------------------+-------+
; Statistic                                    ; Value ;
+----------------------------------------------+-------+
; Total registers                              ; 21    ;
; Number of registers using Synchronous Clear  ; 13    ;
; Number of registers using Synchronous Load   ; 0     ;
; Number of registers using Asynchronous Clear ; 0     ;
; Number of registers using Asynchronous Load  ; 0     ;
; Number of registers using Clock Enable       ; 21    ;
; Number of registers using Preset             ; 0     ;
+----------------------------------------------+-------+


+---------------------------------------------------------------+
; Registers Packed Into Inferred Megafunctions                  ;
+------------------------------+-------------------------+------+
; Register Name                ; Megafunction            ; Type ;
+------------------------------+-------------------------+------+
; RAM_8bits:comb_42|dataOut[0] ; RAM_8bits:comb_42|RAM~0 ; RAM  ;
; RAM_8bits:comb_42|dataOut[1] ; RAM_8bits:comb_42|RAM~0 ; RAM  ;
; RAM_8bits:comb_42|dataOut[2] ; RAM_8bits:comb_42|RAM~0 ; RAM  ;
; RAM_8bits:comb_42|dataOut[3] ; RAM_8bits:comb_42|RAM~0 ; RAM  ;
; RAM_8bits:comb_42|dataOut[4] ; RAM_8bits:comb_42|RAM~0 ; RAM  ;
; RAM_8bits:comb_42|dataOut[5] ; RAM_8bits:comb_42|RAM~0 ; RAM  ;
; RAM_8bits:comb_42|dataOut[6] ; RAM_8bits:comb_42|RAM~0 ; RAM  ;
; RAM_8bits:comb_42|dataOut[7] ; RAM_8bits:comb_42|RAM~0 ; RAM  ;
+------------------------------+-------------------------+------+


+-------------------------------------------------------------------------------------------------------------------------------------------------------+
; Multiplexer Restructuring Statistics (Restructuring Performed)                                                                                        ;
+--------------------+-----------+---------------+----------------------+------------------------+------------+-----------------------------------------+
; Multiplexer Inputs ; Bus Width ; Baseline Area ; Area if Restructured ; Saving if Restructured ; Registered ; Example Multiplexer Output              ;
+--------------------+-----------+---------------+----------------------+------------------------+------------+-----------------------------------------+
; 3:1                ; 8 bits    ; 16 LEs        ; 8 LEs                ; 8 LEs                  ; Yes        ; |datapath|Register_8bits:comb_34|out[6] ;
; 4:1                ; 5 bits    ; 10 LEs        ; 10 LEs               ; 0 LEs                  ; Yes        ; |datapath|Register_5bits:comb_39|out[0] ;
; 5:1                ; 8 bits    ; 24 LEs        ; 16 LEs               ; 8 LEs                  ; Yes        ; |datapath|Register_8bits:comb_4|out[0]  ;
+--------------------+-----------+---------------+----------------------+------------------------+------------+-----------------------------------------+


+----------------------------------------------------------------------------------------------+
; Source assignments for RAM_8bits:comb_42|altsyncram:RAM_rtl_0|altsyncram_ohd1:auto_generated ;
+---------------------------------+--------------------+------+--------------------------------+
; Assignment                      ; Value              ; From ; To                             ;
+---------------------------------+--------------------+------+--------------------------------+
; OPTIMIZE_POWER_DURING_SYNTHESIS ; NORMAL_COMPILATION ; -    ; -                              ;
+---------------------------------+--------------------+------+--------------------------------+


+-----------------------------------------------------------------------------------------+
; Parameter Settings for Inferred Entity Instance: RAM_8bits:comb_42|altsyncram:RAM_rtl_0 ;
+------------------------------------+----------------------+-----------------------------+
; Parameter Name                     ; Value                ; Type                        ;
+------------------------------------+----------------------+-----------------------------+
; BYTE_SIZE_BLOCK                    ; 8                    ; Untyped                     ;
; AUTO_CARRY_CHAINS                  ; ON                   ; AUTO_CARRY                  ;
; IGNORE_CARRY_BUFFERS               ; OFF                  ; IGNORE_CARRY                ;
; AUTO_CASCADE_CHAINS                ; ON                   ; AUTO_CASCADE                ;
; IGNORE_CASCADE_BUFFERS             ; OFF                  ; IGNORE_CASCADE              ;
; WIDTH_BYTEENA                      ; 1                    ; Untyped                     ;
; OPERATION_MODE                     ; DUAL_PORT            ; Untyped                     ;
; WIDTH_A                            ; 8                    ; Untyped                     ;
; WIDTHAD_A                          ; 5                    ; Untyped                     ;
; NUMWORDS_A                         ; 32                   ; Untyped                     ;
; OUTDATA_REG_A                      ; UNREGISTERED         ; Untyped                     ;
; ADDRESS_ACLR_A                     ; NONE                 ; Untyped                     ;
; OUTDATA_ACLR_A                     ; NONE                 ; Untyped                     ;
; WRCONTROL_ACLR_A                   ; NONE                 ; Untyped                     ;
; INDATA_ACLR_A                      ; NONE                 ; Untyped                     ;
; BYTEENA_ACLR_A                     ; NONE                 ; Untyped                     ;
; WIDTH_B                            ; 8                    ; Untyped                     ;
; WIDTHAD_B                          ; 5                    ; Untyped                     ;
; NUMWORDS_B                         ; 32                   ; Untyped                     ;
; INDATA_REG_B                       ; CLOCK1               ; Untyped                     ;
; WRCONTROL_WRADDRESS_REG_B          ; CLOCK1               ; Untyped                     ;
; RDCONTROL_REG_B                    ; CLOCK1               ; Untyped                     ;
; ADDRESS_REG_B                      ; CLOCK1               ; Untyped                     ;
; OUTDATA_REG_B                      ; UNREGISTERED         ; Untyped                     ;
; BYTEENA_REG_B                      ; CLOCK1               ; Untyped                     ;
; INDATA_ACLR_B                      ; NONE                 ; Untyped                     ;
; WRCONTROL_ACLR_B                   ; NONE                 ; Untyped                     ;
; ADDRESS_ACLR_B                     ; NONE                 ; Untyped                     ;
; OUTDATA_ACLR_B                     ; NONE                 ; Untyped                     ;
; RDCONTROL_ACLR_B                   ; NONE                 ; Untyped                     ;
; BYTEENA_ACLR_B                     ; NONE                 ; Untyped                     ;
; WIDTH_BYTEENA_A                    ; 1                    ; Untyped                     ;
; WIDTH_BYTEENA_B                    ; 1                    ; Untyped                     ;
; RAM_BLOCK_TYPE                     ; AUTO                 ; Untyped                     ;
; BYTE_SIZE                          ; 8                    ; Untyped                     ;
; READ_DURING_WRITE_MODE_MIXED_PORTS ; DONT_CARE            ; Untyped                     ;
; READ_DURING_WRITE_MODE_PORT_A      ; NEW_DATA_NO_NBE_READ ; Untyped                     ;
; READ_DURING_WRITE_MODE_PORT_B      ; NEW_DATA_NO_NBE_READ ; Untyped                     ;
; INIT_FILE                          ; UNUSED               ; Untyped                     ;
; INIT_FILE_LAYOUT                   ; PORT_A               ; Untyped                     ;
; MAXIMUM_DEPTH                      ; 0                    ; Untyped                     ;
; CLOCK_ENABLE_INPUT_A               ; NORMAL               ; Untyped                     ;
; CLOCK_ENABLE_INPUT_B               ; NORMAL               ; Untyped                     ;
; CLOCK_ENABLE_OUTPUT_A              ; NORMAL               ; Untyped                     ;
; CLOCK_ENABLE_OUTPUT_B              ; NORMAL               ; Untyped                     ;
; CLOCK_ENABLE_CORE_A                ; USE_INPUT_CLKEN      ; Untyped                     ;
; CLOCK_ENABLE_CORE_B                ; USE_INPUT_CLKEN      ; Untyped                     ;
; ENABLE_ECC                         ; FALSE                ; Untyped                     ;
; DEVICE_FAMILY                      ; Cyclone II           ; Untyped                     ;
; CBXI_PARAMETER                     ; altsyncram_ohd1      ; Untyped                     ;
+------------------------------------+----------------------+-----------------------------+
Note: In order to hide this table in the UI and the text report file, please set the "Show Parameter Settings Tables in Synthesis Report" option in "Analysis and Synthesis Settings -> More Settings" to "Off".


+------------------------------------------------------------------------------------+
; altsyncram Parameter Settings by Entity Instance                                   ;
+-------------------------------------------+----------------------------------------+
; Name                                      ; Value                                  ;
+-------------------------------------------+----------------------------------------+
; Number of entity instances                ; 1                                      ;
; Entity Instance                           ; RAM_8bits:comb_42|altsyncram:RAM_rtl_0 ;
;     -- OPERATION_MODE                     ; DUAL_PORT                              ;
;     -- WIDTH_A                            ; 8                                      ;
;     -- NUMWORDS_A                         ; 32                                     ;
;     -- OUTDATA_REG_A                      ; UNREGISTERED                           ;
;     -- WIDTH_B                            ; 8                                      ;
;     -- NUMWORDS_B                         ; 32                                     ;
;     -- ADDRESS_REG_B                      ; CLOCK1                                 ;
;     -- OUTDATA_REG_B                      ; UNREGISTERED                           ;
;     -- RAM_BLOCK_TYPE                     ; AUTO                                   ;
;     -- READ_DURING_WRITE_MODE_MIXED_PORTS ; DONT_CARE                              ;
+-------------------------------------------+----------------------------------------+


+------------------------------------------------------------------------------------------------------------------------------------------------------------------------------+
; Port Connectivity Checks: "RAM_8bits:comb_42"                                                                                                                                ;
+---------+-------+----------+-------------------------------------------------------------------------------------------------------------------------------------------------+
; Port    ; Type  ; Severity ; Details                                                                                                                                         ;
+---------+-------+----------+-------------------------------------------------------------------------------------------------------------------------------------------------+
; address ; Input ; Warning  ; Input port expression (5 bits) is smaller than the input port (8 bits) it drives.  Extra input bit(s) "address[7..5]" will be connected to GND. ;
+---------+-------+----------+-------------------------------------------------------------------------------------------------------------------------------------------------+


+-------------------------------------------------------------------------------------------------------------------------------------------------------------------------------------------------------------------+
; Port Connectivity Checks: "Register_5bits:comb_39"                                                                                                                                                                ;
+-------------+-------+----------+----------------------------------------------------------------------------------------------------------------------------------------------------------------------------------+
; Port        ; Type  ; Severity ; Details                                                                                                                                                                          ;
+-------------+-------+----------+----------------------------------------------------------------------------------------------------------------------------------------------------------------------------------+
; register_in ; Input ; Warning  ; Input port expression (8 bits) is wider than the input port (5 bits) it drives.  The 3 most-significant bit(s) in the expression will be dangling if they have no other fanouts. ;
+-------------+-------+----------+----------------------------------------------------------------------------------------------------------------------------------------------------------------------------------+


+-----------------------------------------------------------------------------------------------------------------------------------------------------------------------------------------------------+
; Port Connectivity Checks: "Mux2to1_5bits:comb_38"                                                                                                                                                   ;
+---------+--------+----------+-----------------------------------------------------------------------------------------------------------------------------------------------------------------------+
; Port    ; Type   ; Severity ; Details                                                                                                                                                               ;
+---------+--------+----------+-----------------------------------------------------------------------------------------------------------------------------------------------------------------------+
; outData ; Output ; Warning  ; Output or bidir port (5 bits) is smaller than the port expression (8 bits) it drives.  The 3 most-significant bit(s) in the port expression will be connected to GND. ;
+---------+--------+----------+-----------------------------------------------------------------------------------------------------------------------------------------------------------------------+


+-------------------------------+
; Analysis & Synthesis Messages ;
+-------------------------------+
Info: *******************************************************************
Info: Running Quartus II Analysis & Synthesis
    Info: Version 9.1 Build 222 10/21/2009 SJ Web Edition
    Info: Processing started: Wed Oct 15 15:59:24 2014
Info: Command: quartus_map --read_settings_files=on --write_settings_files=off GeneralDatapath -c GeneralDatapath
Info: Found 1 design units, including 1 entities, in source file /users/student/desktop/asicandfpgaproject/register_8bits/register_8bits.v
    Info: Found entity 1: Register_8bits
Info: Found 1 design units, including 1 entities, in source file /users/student/desktop/asicandfpgaproject/ram_8bits/ram_8bits.v
    Info: Found entity 1: RAM_8bits
Info: Found 1 design units, including 1 entities, in source file /users/student/desktop/asicandfpgaproject/mux4to1_8bits/mux4to1_8bits.v
    Info: Found entity 1: Mux4to1_8bits
Info: Found 1 design units, including 1 entities, in source file /users/student/desktop/asicandfpgaproject/register_5bits/register_5bits.v
    Info: Found entity 1: Register_5bits
Info: Found 1 design units, including 1 entities, in source file /users/student/desktop/asicandfpgaproject/mux2to1_5bits/mux2to1_5bits.v
    Info: Found entity 1: Mux2to1_5bits
Info: Found 1 design units, including 1 entities, in source file generaldatapath.v
    Info: Found entity 1: datapath
Critical Warning (10846): Verilog HDL Instantiation warning at GeneralDatapath.v(13): instance has no name
Critical Warning (10846): Verilog HDL Instantiation warning at GeneralDatapath.v(14): instance has no name
Critical Warning (10846): Verilog HDL Instantiation warning at GeneralDatapath.v(24): instance has no name
Critical Warning (10846): Verilog HDL Instantiation warning at GeneralDatapath.v(26): instance has no name
Critical Warning (10846): Verilog HDL Instantiation warning at GeneralDatapath.v(27): instance has no name
Critical Warning (10846): Verilog HDL Instantiation warning at GeneralDatapath.v(29): instance has no name
Critical Warning (10846): Verilog HDL Instantiation warning at GeneralDatapath.v(30): instance has no name
Info: Elaborating entity "datapath" for the top level hierarchy
Warning (10230): Verilog HDL assignment warning at GeneralDatapath.v(15): truncated value with size 32 to match size of target (8)
Warning (10235): Verilog HDL Always Construct warning at GeneralDatapath.v(20): variable "data_out" is read inside the Always Construct but isn't in the Always Construct's Event Control
Warning (10235): Verilog HDL Always Construct warning at GeneralDatapath.v(20): variable "RAM_out" is read inside the Always Construct but isn't in the Always Construct's Event Control
Warning (10235): Verilog HDL Always Construct warning at GeneralDatapath.v(22): variable "data_out" is read inside the Always Construct but isn't in the Always Construct's Event Control
Warning (10235): Verilog HDL Always Construct warning at GeneralDatapath.v(22): variable "RAM_out" is read inside the Always Construct but isn't in the Always Construct's Event Control
Info: Elaborating entity "Mux4to1_8bits" for hierarchy "Mux4to1_8bits:comb_3"
Info: Elaborating entity "Register_8bits" for hierarchy "Register_8bits:comb_4"
Info: Elaborating entity "Mux2to1_5bits" for hierarchy "Mux2to1_5bits:comb_38"
Warning (10235): Verilog HDL Always Construct warning at Mux2to1_5bits.v(10): variable "in1" is read inside the Always Construct but isn't in the Always Construct's Event Control
Warning (10235): Verilog HDL Always Construct warning at Mux2to1_5bits.v(12): variable "in0" is read inside the Always Construct but isn't in the Always Construct's Event Control
Info: Elaborating entity "Register_5bits" for hierarchy "Register_5bits:comb_39"
Info: Elaborating entity "RAM_8bits" for hierarchy "RAM_8bits:comb_42"
Warning: Net is missing source, defaulting to GND
    Warning (12110): Net "mux2to1_out[7]" is missing source, defaulting to GND
    Warning (12110): Net "mux2to1_out[6]" is missing source, defaulting to GND
    Warning (12110): Net "mux2to1_out[5]" is missing source, defaulting to GND
Warning: Net is missing source, defaulting to GND
    Warning (12110): Net "mux2to1_out[7]" is missing source, defaulting to GND
    Warning (12110): Net "mux2to1_out[6]" is missing source, defaulting to GND
    Warning (12110): Net "mux2to1_out[5]" is missing source, defaulting to GND
Warning: Net is missing source, defaulting to GND
    Warning (12110): Net "mux2to1_out[7]" is missing source, defaulting to GND
    Warning (12110): Net "mux2to1_out[6]" is missing source, defaulting to GND
    Warning (12110): Net "mux2to1_out[5]" is missing source, defaulting to GND
Warning: Net is missing source, defaulting to GND
    Warning (12110): Net "mux2to1_out[7]" is missing source, defaulting to GND
    Warning (12110): Net "mux2to1_out[6]" is missing source, defaulting to GND
    Warning (12110): Net "mux2to1_out[5]" is missing source, defaulting to GND
Warning: Inferred dual-clock RAM node "RAM_8bits:comb_42|RAM~0" from synchronous design logic.  The read-during-write behavior of a dual-clock RAM is undefined and may not match the behavior of the original design.
Info: Inferred 1 megafunctions from design logic
    Info: Inferred altsyncram megafunction from the following design logic: "RAM_8bits:comb_42|RAM~0" 
        Info: Parameter OPERATION_MODE set to DUAL_PORT
        Info: Parameter WIDTH_A set to 8
        Info: Parameter WIDTHAD_A set to 5
        Info: Parameter NUMWORDS_A set to 32
        Info: Parameter WIDTH_B set to 8
        Info: Parameter WIDTHAD_B set to 5
        Info: Parameter NUMWORDS_B set to 32
        Info: Parameter ADDRESS_ACLR_A set to NONE
        Info: Parameter OUTDATA_REG_B set to UNREGISTERED
        Info: Parameter ADDRESS_ACLR_B set to NONE
        Info: Parameter OUTDATA_ACLR_B set to NONE
        Info: Parameter ADDRESS_REG_B set to CLOCK1
        Info: Parameter INDATA_ACLR_A set to NONE
        Info: Parameter WRCONTROL_ACLR_A set to NONE
Info: Elaborated megafunction instantiation "RAM_8bits:comb_42|altsyncram:RAM_rtl_0"
Info: Instantiated megafunction "RAM_8bits:comb_42|altsyncram:RAM_rtl_0" with the following parameter:
    Info: Parameter "OPERATION_MODE" = "DUAL_PORT"
    Info: Parameter "WIDTH_A" = "8"
    Info: Parameter "WIDTHAD_A" = "5"
    Info: Parameter "NUMWORDS_A" = "32"
    Info: Parameter "WIDTH_B" = "8"
    Info: Parameter "WIDTHAD_B" = "5"
    Info: Parameter "NUMWORDS_B" = "32"
    Info: Parameter "ADDRESS_ACLR_A" = "NONE"
    Info: Parameter "OUTDATA_REG_B" = "UNREGISTERED"
    Info: Parameter "ADDRESS_ACLR_B" = "NONE"
    Info: Parameter "OUTDATA_ACLR_B" = "NONE"
    Info: Parameter "ADDRESS_REG_B" = "CLOCK1"
    Info: Parameter "INDATA_ACLR_A" = "NONE"
    Info: Parameter "WRCONTROL_ACLR_A" = "NONE"
Info: Found 1 design units, including 1 entities, in source file db/altsyncram_ohd1.tdf
    Info: Found entity 1: altsyncram_ohd1
Warning: 3 hierarchies have connectivity warnings - see the Connectivity Checks report folder
Warning: Output pins are stuck at VCC or GND
    Warning (13410): Pin "Aeq0[1]" is stuck at GND
    Warning (13410): Pin "Aeq0[2]" is stuck at GND
    Warning (13410): Pin "Aeq0[3]" is stuck at GND
    Warning (13410): Pin "Aeq0[4]" is stuck at GND
    Warning (13410): Pin "Aeq0[5]" is stuck at GND
    Warning (13410): Pin "Aeq0[6]" is stuck at GND
    Warning (13410): Pin "Aeq0[7]" is stuck at GND
Info: Generated suppressed messages file C:/Users/Student/Desktop/ASICandFPGAProject/GeneralDatapath/GeneralDatapath.map.smsg
Warning: Design contains 1 input pin(s) that do not drive logic
    Warning (15610): No output dependent on input pin "Clock"
Info: Implemented 110 device resources after synthesis - the final resource count might be different
    Info: Implemented 20 input pins
    Info: Implemented 20 output pins
    Info: Implemented 62 logic cells
    Info: Implemented 8 RAM segments
Info: Quartus II Analysis & Synthesis was successful. 0 errors, 42 warnings
    Info: Peak virtual memory: 200 megabytes
    Info: Processing ended: Wed Oct 15 15:59:25 2014
    Info: Elapsed time: 00:00:01
    Info: Total CPU time (on all processors): 00:00:01


+------------------------------------------+
; Analysis & Synthesis Suppressed Messages ;
+------------------------------------------+
The suppressed messages can be found in C:/Users/Student/Desktop/ASICandFPGAProject/GeneralDatapath/GeneralDatapath.map.smsg.


