Classic Timing Analyzer report for Mux2to1_5bits
Wed Oct 01 15:25:27 2014
Quartus II Version 9.1 Build 222 10/21/2009 SJ Web Edition


---------------------
; Table of Contents ;
---------------------
  1. Legal Notice
  2. Timing Analyzer Summary
  3. Timing Analyzer Settings
  4. Parallel Compilation
  5. tpd
  6. Timing Analyzer Messages



----------------
; Legal Notice ;
----------------
Copyright (C) 1991-2009 Altera Corporation
Your use of Altera Corporation's design tools, logic functions 
and other software and tools, and its AMPP partner logic 
functions, and any output files from any of the foregoing 
(including device programming or simulation files), and any 
associated documentation or information are expressly subject 
to the terms and conditions of the Altera Program License 
Subscription Agreement, Altera MegaCore Function License 
Agreement, or other applicable license agreement, including, 
without limitation, that your use is for the sole purpose of 
programming logic devices manufactured by Altera and sold by 
Altera or its authorized distributors.  Please refer to the 
applicable agreement for further details.



+-----------------------------------------------------------------------------------------------------------------------------------+
; Timing Analyzer Summary                                                                                                           ;
+------------------------------+-------+---------------+-------------+----------+------------+------------+----------+--------------+
; Type                         ; Slack ; Required Time ; Actual Time ; From     ; To         ; From Clock ; To Clock ; Failed Paths ;
+------------------------------+-------+---------------+-------------+----------+------------+------------+----------+--------------+
; Worst-case tpd               ; N/A   ; None          ; 10.868 ns   ; selector ; outData[4] ; --         ; --       ; 0            ;
; Total number of failed paths ;       ;               ;             ;          ;            ;            ;          ; 0            ;
+------------------------------+-------+---------------+-------------+----------+------------+------------+----------+--------------+


+-----------------------------------------------------------------------------------------------------------------------------------------------------+
; Timing Analyzer Settings                                                                                                                            ;
+------------------------------------------------------------------------------------------------------+--------------------+------+----+-------------+
; Option                                                                                               ; Setting            ; From ; To ; Entity Name ;
+------------------------------------------------------------------------------------------------------+--------------------+------+----+-------------+
; Device Name                                                                                          ; EP2C5T144C6        ;      ;    ;             ;
; Timing Models                                                                                        ; Final              ;      ;    ;             ;
; Default hold multicycle                                                                              ; Same as Multicycle ;      ;    ;             ;
; Cut paths between unrelated clock domains                                                            ; On                 ;      ;    ;             ;
; Cut off read during write signal paths                                                               ; On                 ;      ;    ;             ;
; Cut off feedback from I/O pins                                                                       ; On                 ;      ;    ;             ;
; Report Combined Fast/Slow Timing                                                                     ; Off                ;      ;    ;             ;
; Ignore Clock Settings                                                                                ; Off                ;      ;    ;             ;
; Analyze latches as synchronous elements                                                              ; On                 ;      ;    ;             ;
; Enable Recovery/Removal analysis                                                                     ; Off                ;      ;    ;             ;
; Enable Clock Latency                                                                                 ; Off                ;      ;    ;             ;
; Use TimeQuest Timing Analyzer                                                                        ; Off                ;      ;    ;             ;
; Number of source nodes to report per destination node                                                ; 10                 ;      ;    ;             ;
; Number of destination nodes to report                                                                ; 10                 ;      ;    ;             ;
; Number of paths to report                                                                            ; 200                ;      ;    ;             ;
; Report Minimum Timing Checks                                                                         ; Off                ;      ;    ;             ;
; Use Fast Timing Models                                                                               ; Off                ;      ;    ;             ;
; Report IO Paths Separately                                                                           ; Off                ;      ;    ;             ;
; Perform Multicorner Analysis                                                                         ; On                 ;      ;    ;             ;
; Reports the worst-case path for each clock domain and analysis                                       ; Off                ;      ;    ;             ;
; Reports worst-case timing paths for each clock domain and analysis                                   ; On                 ;      ;    ;             ;
; Specifies the maximum number of worst-case timing paths to report for each clock domain and analysis ; 100                ;      ;    ;             ;
; Removes common clock path pessimism (CCPP) during slack computation                                  ; Off                ;      ;    ;             ;
; Output I/O Timing Endpoint                                                                           ; Near End           ;      ;    ;             ;
+------------------------------------------------------------------------------------------------------+--------------------+------+----+-------------+


Parallel compilation was disabled, but you have multiple processors available. Enable parallel compilation to reduce compilation time.
+-------------------------------------+
; Parallel Compilation                ;
+----------------------------+--------+
; Processors                 ; Number ;
+----------------------------+--------+
; Number detected on machine ; 4      ;
; Maximum allowed            ; 1      ;
+----------------------------+--------+


+---------------------------------------------------------------------+
; tpd                                                                 ;
+-------+-------------------+-----------------+----------+------------+
; Slack ; Required P2P Time ; Actual P2P Time ; From     ; To         ;
+-------+-------------------+-----------------+----------+------------+
; N/A   ; None              ; 10.868 ns       ; selector ; outData[4] ;
; N/A   ; None              ; 10.734 ns       ; selector ; outData[1] ;
; N/A   ; None              ; 10.720 ns       ; selector ; outData[3] ;
; N/A   ; None              ; 10.620 ns       ; selector ; outData[2] ;
; N/A   ; None              ; 10.593 ns       ; in1[1]   ; outData[1] ;
; N/A   ; None              ; 10.464 ns       ; in2[1]   ; outData[1] ;
; N/A   ; None              ; 10.452 ns       ; in2[2]   ; outData[2] ;
; N/A   ; None              ; 10.193 ns       ; in1[0]   ; outData[0] ;
; N/A   ; None              ; 10.175 ns       ; in1[2]   ; outData[2] ;
; N/A   ; None              ; 10.059 ns       ; selector ; outData[0] ;
; N/A   ; None              ; 10.005 ns       ; in2[0]   ; outData[0] ;
; N/A   ; None              ; 6.757 ns        ; in2[4]   ; outData[4] ;
; N/A   ; None              ; 6.706 ns        ; in1[4]   ; outData[4] ;
; N/A   ; None              ; 6.623 ns        ; in2[3]   ; outData[3] ;
; N/A   ; None              ; 6.465 ns        ; in1[3]   ; outData[3] ;
+-------+-------------------+-----------------+----------+------------+


+--------------------------+
; Timing Analyzer Messages ;
+--------------------------+
Info: *******************************************************************
Info: Running Quartus II Classic Timing Analyzer
    Info: Version 9.1 Build 222 10/21/2009 SJ Web Edition
    Info: Processing started: Wed Oct 01 15:25:27 2014
Info: Command: quartus_tan --read_settings_files=off --write_settings_files=off Mux2to1_5bits -c Mux2to1_5bits --timing_analysis_only
Info: Longest tpd from source pin "selector" to destination pin "outData[4]" is 10.868 ns
    Info: 1: + IC(0.000 ns) + CELL(0.852 ns) = 0.852 ns; Loc. = PIN_80; Fanout = 5; PIN Node = 'selector'
    Info: 2: + IC(5.158 ns) + CELL(0.393 ns) = 6.403 ns; Loc. = LCCOMB_X21_Y4_N0; Fanout = 1; COMB Node = 'outData~4'
    Info: 3: + IC(1.813 ns) + CELL(2.652 ns) = 10.868 ns; Loc. = PIN_26; Fanout = 0; PIN Node = 'outData[4]'
    Info: Total cell delay = 3.897 ns ( 35.86 % )
    Info: Total interconnect delay = 6.971 ns ( 64.14 % )
Info: Quartus II Classic Timing Analyzer was successful. 0 errors, 0 warnings
    Info: Peak virtual memory: 158 megabytes
    Info: Processing ended: Wed Oct 01 15:25:27 2014
    Info: Elapsed time: 00:00:00
    Info: Total CPU time (on all processors): 00:00:00


