Analysis & Synthesis report for RAM_8bits
Sun Oct 12 19:20:27 2014
Quartus II Version 9.1 Build 222 10/21/2009 SJ Web Edition


---------------------
; Table of Contents ;
---------------------
  1. Legal Notice
  2. Analysis & Synthesis Summary
  3. Analysis & Synthesis Settings
  4. Parallel Compilation
  5. Analysis & Synthesis Source Files Read
  6. Analysis & Synthesis Resource Usage Summary
  7. Analysis & Synthesis Resource Utilization by Entity
  8. Analysis & Synthesis RAM Summary
  9. General Register Statistics
 10. Registers Packed Into Inferred Megafunctions
 11. Source assignments for altsyncram:RAM_rtl_0|altsyncram_ohd1:auto_generated
 12. Parameter Settings for Inferred Entity Instance: altsyncram:RAM_rtl_0
 13. altsyncram Parameter Settings by Entity Instance
 14. Analysis & Synthesis Messages



----------------
; Legal Notice ;
----------------
Copyright (C) 1991-2009 Altera Corporation
Your use of Altera Corporation's design tools, logic functions 
and other software and tools, and its AMPP partner logic 
functions, and any output files from any of the foregoing 
(including device programming or simulation files), and any 
associated documentation or information are expressly subject 
to the terms and conditions of the Altera Program License 
Subscription Agreement, Altera MegaCore Function License 
Agreement, or other applicable license agreement, including, 
without limitation, that your use is for the sole purpose of 
programming logic devices manufactured by Altera and sold by 
Altera or its authorized distributors.  Please refer to the 
applicable agreement for further details.



+------------------------------------------------------------------------------+
; Analysis & Synthesis Summary                                                 ;
+------------------------------------+-----------------------------------------+
; Analysis & Synthesis Status        ; Successful - Sun Oct 12 19:20:27 2014   ;
; Quartus II Version                 ; 9.1 Build 222 10/21/2009 SJ Web Edition ;
; Revision Name                      ; RAM_8bits                               ;
; Top-level Entity Name              ; RAM_8bits                               ;
; Family                             ; Cyclone II                              ;
; Total logic elements               ; 0                                       ;
;     Total combinational functions  ; 0                                       ;
;     Dedicated logic registers      ; 0                                       ;
; Total registers                    ; 0                                       ;
; Total pins                         ; 26                                      ;
; Total virtual pins                 ; 0                                       ;
; Total memory bits                  ; 256                                     ;
; Embedded Multiplier 9-bit elements ; 0                                       ;
; Total PLLs                         ; 0                                       ;
+------------------------------------+-----------------------------------------+


+----------------------------------------------------------------------------------------------------------------------+
; Analysis & Synthesis Settings                                                                                        ;
+----------------------------------------------------------------------------+--------------------+--------------------+
; Option                                                                     ; Setting            ; Default Value      ;
+----------------------------------------------------------------------------+--------------------+--------------------+
; Top-level entity name                                                      ; RAM_8bits          ; RAM_8bits          ;
; Family name                                                                ; Cyclone II         ; Stratix II         ;
; Use Generated Physical Constraints File                                    ; Off                ;                    ;
; Use smart compilation                                                      ; Off                ; Off                ;
; Enable parallel Assembler and TimeQuest Timing Analyzer during compilation ; On                 ; On                 ;
; Enable compact report table                                                ; Off                ; Off                ;
; Restructure Multiplexers                                                   ; Auto               ; Auto               ;
; Create Debugging Nodes for IP Cores                                        ; Off                ; Off                ;
; Preserve fewer node names                                                  ; On                 ; On                 ;
; Disable OpenCore Plus hardware evaluation                                  ; Off                ; Off                ;
; Verilog Version                                                            ; Verilog_2001       ; Verilog_2001       ;
; VHDL Version                                                               ; VHDL_1993          ; VHDL_1993          ;
; State Machine Processing                                                   ; Auto               ; Auto               ;
; Safe State Machine                                                         ; Off                ; Off                ;
; Extract Verilog State Machines                                             ; On                 ; On                 ;
; Extract VHDL State Machines                                                ; On                 ; On                 ;
; Ignore Verilog initial constructs                                          ; Off                ; Off                ;
; Iteration limit for constant Verilog loops                                 ; 5000               ; 5000               ;
; Iteration limit for non-constant Verilog loops                             ; 250                ; 250                ;
; Add Pass-Through Logic to Inferred RAMs                                    ; On                 ; On                 ;
; Parallel Synthesis                                                         ; On                 ; On                 ;
; DSP Block Balancing                                                        ; Auto               ; Auto               ;
; NOT Gate Push-Back                                                         ; On                 ; On                 ;
; Power-Up Don't Care                                                        ; On                 ; On                 ;
; Remove Redundant Logic Cells                                               ; Off                ; Off                ;
; Remove Duplicate Registers                                                 ; On                 ; On                 ;
; Ignore CARRY Buffers                                                       ; Off                ; Off                ;
; Ignore CASCADE Buffers                                                     ; Off                ; Off                ;
; Ignore GLOBAL Buffers                                                      ; Off                ; Off                ;
; Ignore ROW GLOBAL Buffers                                                  ; Off                ; Off                ;
; Ignore LCELL Buffers                                                       ; Off                ; Off                ;
; Ignore SOFT Buffers                                                        ; On                 ; On                 ;
; Limit AHDL Integers to 32 Bits                                             ; Off                ; Off                ;
; Optimization Technique                                                     ; Balanced           ; Balanced           ;
; Carry Chain Length                                                         ; 70                 ; 70                 ;
; Auto Carry Chains                                                          ; On                 ; On                 ;
; Auto Open-Drain Pins                                                       ; On                 ; On                 ;
; Perform WYSIWYG Primitive Resynthesis                                      ; Off                ; Off                ;
; Auto ROM Replacement                                                       ; On                 ; On                 ;
; Auto RAM Replacement                                                       ; On                 ; On                 ;
; Auto Shift Register Replacement                                            ; Auto               ; Auto               ;
; Auto Clock Enable Replacement                                              ; On                 ; On                 ;
; Strict RAM Replacement                                                     ; Off                ; Off                ;
; Allow Synchronous Control Signals                                          ; On                 ; On                 ;
; Force Use of Synchronous Clear Signals                                     ; Off                ; Off                ;
; Auto RAM to Logic Cell Conversion                                          ; Off                ; Off                ;
; Auto Resource Sharing                                                      ; Off                ; Off                ;
; Allow Any RAM Size For Recognition                                         ; Off                ; Off                ;
; Allow Any ROM Size For Recognition                                         ; Off                ; Off                ;
; Allow Any Shift Register Size For Recognition                              ; Off                ; Off                ;
; Use LogicLock Constraints during Resource Balancing                        ; On                 ; On                 ;
; Ignore translate_off and synthesis_off directives                          ; Off                ; Off                ;
; Timing-Driven Synthesis                                                    ; Off                ; Off                ;
; Show Parameter Settings Tables in Synthesis Report                         ; On                 ; On                 ;
; Ignore Maximum Fan-Out Assignments                                         ; Off                ; Off                ;
; Synchronization Register Chain Length                                      ; 2                  ; 2                  ;
; PowerPlay Power Optimization                                               ; Normal compilation ; Normal compilation ;
; HDL message level                                                          ; Level2             ; Level2             ;
; Suppress Register Optimization Related Messages                            ; Off                ; Off                ;
; Number of Removed Registers Reported in Synthesis Report                   ; 100                ; 100                ;
; Number of Inverted Registers Reported in Synthesis Report                  ; 100                ; 100                ;
; Clock MUX Protection                                                       ; On                 ; On                 ;
; Auto Gated Clock Conversion                                                ; Off                ; Off                ;
; Block Design Naming                                                        ; Auto               ; Auto               ;
; SDC constraint protection                                                  ; Off                ; Off                ;
; Synthesis Effort                                                           ; Auto               ; Auto               ;
; Shift Register Replacement - Allow Asynchronous Clear Signal               ; On                 ; On                 ;
; Analysis & Synthesis Message Level                                         ; Medium             ; Medium             ;
; Disable Register Merging Across Hierarchies                                ; Auto               ; Auto               ;
; Resource Aware Inference For Block RAM                                     ; On                 ; On                 ;
+----------------------------------------------------------------------------+--------------------+--------------------+


Parallel compilation was disabled, but you have multiple processors available. Enable parallel compilation to reduce compilation time.
+-------------------------------------+
; Parallel Compilation                ;
+----------------------------+--------+
; Processors                 ; Number ;
+----------------------------+--------+
; Number detected on machine ; 4      ;
; Maximum allowed            ; 1      ;
+----------------------------+--------+


+-------------------------------------------------------------------------------------------------------------------------------------------------------------------------------+
; Analysis & Synthesis Source Files Read                                                                                                                                        ;
+----------------------------------+-----------------+------------------------------+-------------------------------------------------------------------------------------------+
; File Name with User-Entered Path ; Used in Netlist ; File Type                    ; File Name with Absolute Path                                                              ;
+----------------------------------+-----------------+------------------------------+-------------------------------------------------------------------------------------------+
; RAM_8bits.v                      ; yes             ; User Verilog HDL File        ; E:/Yan Yin/ASIC and FPGA Mini Project/ASICandFPGAProject/RAM_8bits/RAM_8bits.v            ;
; altsyncram.tdf                   ; yes             ; Megafunction                 ; c:/altera/91/quartus/libraries/megafunctions/altsyncram.tdf                               ;
; db/altsyncram_ohd1.tdf           ; yes             ; Auto-Generated Megafunction  ; E:/Yan Yin/ASIC and FPGA Mini Project/ASICandFPGAProject/RAM_8bits/db/altsyncram_ohd1.tdf ;
+----------------------------------+-----------------+------------------------------+-------------------------------------------------------------------------------------------+


+-----------------------------------------------------+
; Analysis & Synthesis Resource Usage Summary         ;
+---------------------------------------------+-------+
; Resource                                    ; Usage ;
+---------------------------------------------+-------+
;                                             ;       ;
; Total combinational functions               ; 0     ;
; Logic element usage by number of LUT inputs ;       ;
;     -- 4 input functions                    ; 0     ;
;     -- 3 input functions                    ; 0     ;
;     -- <=2 input functions                  ; 0     ;
;                                             ;       ;
; Logic elements by mode                      ;       ;
;     -- normal mode                          ; 0     ;
;     -- arithmetic mode                      ; 0     ;
;                                             ;       ;
; Total registers                             ; 0     ;
;     -- Dedicated logic registers            ; 0     ;
;     -- I/O registers                        ; 0     ;
;                                             ;       ;
; I/O pins                                    ; 26    ;
; Total memory bits                           ; 256   ;
; Maximum fan-out node                        ; WE    ;
; Maximum fan-out                             ; 8     ;
; Total fan-out                               ; 72    ;
; Average fan-out                             ; 2.12  ;
+---------------------------------------------+-------+


+------------------------------------------------------------------------------------------------------------------------------------------------------------------------------------------------------------------------------------+
; Analysis & Synthesis Resource Utilization by Entity                                                                                                                                                                                ;
+----------------------------------------+-------------------+--------------+-------------+--------------+---------+-----------+------+--------------+----------------------------------------------------------------+--------------+
; Compilation Hierarchy Node             ; LC Combinationals ; LC Registers ; Memory Bits ; DSP Elements ; DSP 9x9 ; DSP 18x18 ; Pins ; Virtual Pins ; Full Hierarchy Name                                            ; Library Name ;
+----------------------------------------+-------------------+--------------+-------------+--------------+---------+-----------+------+--------------+----------------------------------------------------------------+--------------+
; |RAM_8bits                             ; 0 (0)             ; 0 (0)        ; 256         ; 0            ; 0       ; 0         ; 26   ; 0            ; |RAM_8bits                                                     ; work         ;
;    |altsyncram:RAM_rtl_0|              ; 0 (0)             ; 0 (0)        ; 256         ; 0            ; 0       ; 0         ; 0    ; 0            ; |RAM_8bits|altsyncram:RAM_rtl_0                                ;              ;
;       |altsyncram_ohd1:auto_generated| ; 0 (0)             ; 0 (0)        ; 256         ; 0            ; 0       ; 0         ; 0    ; 0            ; |RAM_8bits|altsyncram:RAM_rtl_0|altsyncram_ohd1:auto_generated ;              ;
+----------------------------------------+-------------------+--------------+-------------+--------------+---------+-----------+------+--------------+----------------------------------------------------------------+--------------+
Note: For table entries with two numbers listed, the numbers in parentheses indicate the number of resources of the given type used by the specific entity alone. The numbers listed outside of parentheses indicate the total resources of the given type used by the specific entity and all of its sub-entities in the hierarchy.


+--------------------------------------------------------------------------------------------------------------------------------------------------------------------+
; Analysis & Synthesis RAM Summary                                                                                                                                   ;
+----------------------------------------------------------------+------+------------------+--------------+--------------+--------------+--------------+------+------+
; Name                                                           ; Type ; Mode             ; Port A Depth ; Port A Width ; Port B Depth ; Port B Width ; Size ; MIF  ;
+----------------------------------------------------------------+------+------------------+--------------+--------------+--------------+--------------+------+------+
; altsyncram:RAM_rtl_0|altsyncram_ohd1:auto_generated|ALTSYNCRAM ; AUTO ; Simple Dual Port ; 32           ; 8            ; 32           ; 8            ; 256  ; None ;
+----------------------------------------------------------------+------+------------------+--------------+--------------+--------------+--------------+------+------+


+------------------------------------------------------+
; General Register Statistics                          ;
+----------------------------------------------+-------+
; Statistic                                    ; Value ;
+----------------------------------------------+-------+
; Total registers                              ; 0     ;
; Number of registers using Synchronous Clear  ; 0     ;
; Number of registers using Synchronous Load   ; 0     ;
; Number of registers using Asynchronous Clear ; 0     ;
; Number of registers using Asynchronous Load  ; 0     ;
; Number of registers using Clock Enable       ; 0     ;
; Number of registers using Preset             ; 0     ;
+----------------------------------------------+-------+


+----------------------------------------------+
; Registers Packed Into Inferred Megafunctions ;
+-----------------+--------------+-------------+
; Register Name   ; Megafunction ; Type        ;
+-----------------+--------------+-------------+
; dataOut[0]~reg0 ; RAM~0        ; RAM         ;
; dataOut[1]~reg0 ; RAM~0        ; RAM         ;
; dataOut[2]~reg0 ; RAM~0        ; RAM         ;
; dataOut[3]~reg0 ; RAM~0        ; RAM         ;
; dataOut[4]~reg0 ; RAM~0        ; RAM         ;
; dataOut[5]~reg0 ; RAM~0        ; RAM         ;
; dataOut[6]~reg0 ; RAM~0        ; RAM         ;
; dataOut[7]~reg0 ; RAM~0        ; RAM         ;
+-----------------+--------------+-------------+


+----------------------------------------------------------------------------+
; Source assignments for altsyncram:RAM_rtl_0|altsyncram_ohd1:auto_generated ;
+---------------------------------+--------------------+------+--------------+
; Assignment                      ; Value              ; From ; To           ;
+---------------------------------+--------------------+------+--------------+
; OPTIMIZE_POWER_DURING_SYNTHESIS ; NORMAL_COMPILATION ; -    ; -            ;
+---------------------------------+--------------------+------+--------------+


+----------------------------------------------------------------------------+
; Parameter Settings for Inferred Entity Instance: altsyncram:RAM_rtl_0      ;
+------------------------------------+----------------------+----------------+
; Parameter Name                     ; Value                ; Type           ;
+------------------------------------+----------------------+----------------+
; BYTE_SIZE_BLOCK                    ; 8                    ; Untyped        ;
; AUTO_CARRY_CHAINS                  ; ON                   ; AUTO_CARRY     ;
; IGNORE_CARRY_BUFFERS               ; OFF                  ; IGNORE_CARRY   ;
; AUTO_CASCADE_CHAINS                ; ON                   ; AUTO_CASCADE   ;
; IGNORE_CASCADE_BUFFERS             ; OFF                  ; IGNORE_CASCADE ;
; WIDTH_BYTEENA                      ; 1                    ; Untyped        ;
; OPERATION_MODE                     ; DUAL_PORT            ; Untyped        ;
; WIDTH_A                            ; 8                    ; Untyped        ;
; WIDTHAD_A                          ; 5                    ; Untyped        ;
; NUMWORDS_A                         ; 32                   ; Untyped        ;
; OUTDATA_REG_A                      ; UNREGISTERED         ; Untyped        ;
; ADDRESS_ACLR_A                     ; NONE                 ; Untyped        ;
; OUTDATA_ACLR_A                     ; NONE                 ; Untyped        ;
; WRCONTROL_ACLR_A                   ; NONE                 ; Untyped        ;
; INDATA_ACLR_A                      ; NONE                 ; Untyped        ;
; BYTEENA_ACLR_A                     ; NONE                 ; Untyped        ;
; WIDTH_B                            ; 8                    ; Untyped        ;
; WIDTHAD_B                          ; 5                    ; Untyped        ;
; NUMWORDS_B                         ; 32                   ; Untyped        ;
; INDATA_REG_B                       ; CLOCK1               ; Untyped        ;
; WRCONTROL_WRADDRESS_REG_B          ; CLOCK1               ; Untyped        ;
; RDCONTROL_REG_B                    ; CLOCK1               ; Untyped        ;
; ADDRESS_REG_B                      ; CLOCK1               ; Untyped        ;
; OUTDATA_REG_B                      ; UNREGISTERED         ; Untyped        ;
; BYTEENA_REG_B                      ; CLOCK1               ; Untyped        ;
; INDATA_ACLR_B                      ; NONE                 ; Untyped        ;
; WRCONTROL_ACLR_B                   ; NONE                 ; Untyped        ;
; ADDRESS_ACLR_B                     ; NONE                 ; Untyped        ;
; OUTDATA_ACLR_B                     ; NONE                 ; Untyped        ;
; RDCONTROL_ACLR_B                   ; NONE                 ; Untyped        ;
; BYTEENA_ACLR_B                     ; NONE                 ; Untyped        ;
; WIDTH_BYTEENA_A                    ; 1                    ; Untyped        ;
; WIDTH_BYTEENA_B                    ; 1                    ; Untyped        ;
; RAM_BLOCK_TYPE                     ; AUTO                 ; Untyped        ;
; BYTE_SIZE                          ; 8                    ; Untyped        ;
; READ_DURING_WRITE_MODE_MIXED_PORTS ; DONT_CARE            ; Untyped        ;
; READ_DURING_WRITE_MODE_PORT_A      ; NEW_DATA_NO_NBE_READ ; Untyped        ;
; READ_DURING_WRITE_MODE_PORT_B      ; NEW_DATA_NO_NBE_READ ; Untyped        ;
; INIT_FILE                          ; UNUSED               ; Untyped        ;
; INIT_FILE_LAYOUT                   ; PORT_A               ; Untyped        ;
; MAXIMUM_DEPTH                      ; 0                    ; Untyped        ;
; CLOCK_ENABLE_INPUT_A               ; NORMAL               ; Untyped        ;
; CLOCK_ENABLE_INPUT_B               ; NORMAL               ; Untyped        ;
; CLOCK_ENABLE_OUTPUT_A              ; NORMAL               ; Untyped        ;
; CLOCK_ENABLE_OUTPUT_B              ; NORMAL               ; Untyped        ;
; CLOCK_ENABLE_CORE_A                ; USE_INPUT_CLKEN      ; Untyped        ;
; CLOCK_ENABLE_CORE_B                ; USE_INPUT_CLKEN      ; Untyped        ;
; ENABLE_ECC                         ; FALSE                ; Untyped        ;
; DEVICE_FAMILY                      ; Cyclone II           ; Untyped        ;
; CBXI_PARAMETER                     ; altsyncram_ohd1      ; Untyped        ;
+------------------------------------+----------------------+----------------+
Note: In order to hide this table in the UI and the text report file, please set the "Show Parameter Settings Tables in Synthesis Report" option in "Analysis and Synthesis Settings -> More Settings" to "Off".


+------------------------------------------------------------------+
; altsyncram Parameter Settings by Entity Instance                 ;
+-------------------------------------------+----------------------+
; Name                                      ; Value                ;
+-------------------------------------------+----------------------+
; Number of entity instances                ; 1                    ;
; Entity Instance                           ; altsyncram:RAM_rtl_0 ;
;     -- OPERATION_MODE                     ; DUAL_PORT            ;
;     -- WIDTH_A                            ; 8                    ;
;     -- NUMWORDS_A                         ; 32                   ;
;     -- OUTDATA_REG_A                      ; UNREGISTERED         ;
;     -- WIDTH_B                            ; 8                    ;
;     -- NUMWORDS_B                         ; 32                   ;
;     -- ADDRESS_REG_B                      ; CLOCK1               ;
;     -- OUTDATA_REG_B                      ; UNREGISTERED         ;
;     -- RAM_BLOCK_TYPE                     ; AUTO                 ;
;     -- READ_DURING_WRITE_MODE_MIXED_PORTS ; DONT_CARE            ;
+-------------------------------------------+----------------------+


+-------------------------------+
; Analysis & Synthesis Messages ;
+-------------------------------+
Info: *******************************************************************
Info: Running Quartus II Analysis & Synthesis
    Info: Version 9.1 Build 222 10/21/2009 SJ Web Edition
    Info: Processing started: Sun Oct 12 19:20:26 2014
Info: Command: quartus_map --read_settings_files=on --write_settings_files=off RAM_8bits -c RAM_8bits
Info: Found 1 design units, including 1 entities, in source file ram_8bits.v
    Info: Found entity 1: RAM_8bits
Info: Elaborating entity "RAM_8bits" for the top level hierarchy
Warning: Inferred dual-clock RAM node "RAM~0" from synchronous design logic.  The read-during-write behavior of a dual-clock RAM is undefined and may not match the behavior of the original design.
Info: Inferred 1 megafunctions from design logic
    Info: Inferred altsyncram megafunction from the following design logic: "RAM~0" 
        Info: Parameter OPERATION_MODE set to DUAL_PORT
        Info: Parameter WIDTH_A set to 8
        Info: Parameter WIDTHAD_A set to 5
        Info: Parameter NUMWORDS_A set to 32
        Info: Parameter WIDTH_B set to 8
        Info: Parameter WIDTHAD_B set to 5
        Info: Parameter NUMWORDS_B set to 32
        Info: Parameter ADDRESS_ACLR_A set to NONE
        Info: Parameter OUTDATA_REG_B set to UNREGISTERED
        Info: Parameter ADDRESS_ACLR_B set to NONE
        Info: Parameter OUTDATA_ACLR_B set to NONE
        Info: Parameter ADDRESS_REG_B set to CLOCK1
        Info: Parameter INDATA_ACLR_A set to NONE
        Info: Parameter WRCONTROL_ACLR_A set to NONE
Info: Elaborated megafunction instantiation "altsyncram:RAM_rtl_0"
Info: Instantiated megafunction "altsyncram:RAM_rtl_0" with the following parameter:
    Info: Parameter "OPERATION_MODE" = "DUAL_PORT"
    Info: Parameter "WIDTH_A" = "8"
    Info: Parameter "WIDTHAD_A" = "5"
    Info: Parameter "NUMWORDS_A" = "32"
    Info: Parameter "WIDTH_B" = "8"
    Info: Parameter "WIDTHAD_B" = "5"
    Info: Parameter "NUMWORDS_B" = "32"
    Info: Parameter "ADDRESS_ACLR_A" = "NONE"
    Info: Parameter "OUTDATA_REG_B" = "UNREGISTERED"
    Info: Parameter "ADDRESS_ACLR_B" = "NONE"
    Info: Parameter "OUTDATA_ACLR_B" = "NONE"
    Info: Parameter "ADDRESS_REG_B" = "CLOCK1"
    Info: Parameter "INDATA_ACLR_A" = "NONE"
    Info: Parameter "WRCONTROL_ACLR_A" = "NONE"
Info: Found 1 design units, including 1 entities, in source file db/altsyncram_ohd1.tdf
    Info: Found entity 1: altsyncram_ohd1
Warning: Design contains 3 input pin(s) that do not drive logic
    Warning (15610): No output dependent on input pin "address[5]"
    Warning (15610): No output dependent on input pin "address[6]"
    Warning (15610): No output dependent on input pin "address[7]"
Info: Implemented 34 device resources after synthesis - the final resource count might be different
    Info: Implemented 18 input pins
    Info: Implemented 8 output pins
    Info: Implemented 8 RAM segments
Info: Quartus II Analysis & Synthesis was successful. 0 errors, 5 warnings
    Info: Peak virtual memory: 220 megabytes
    Info: Processing ended: Sun Oct 12 19:20:27 2014
    Info: Elapsed time: 00:00:01
    Info: Total CPU time (on all processors): 00:00:01


