Classic Timing Analyzer report for Comparator4bits
Wed Sep 24 14:27:16 2014
Quartus II Version 9.1 Build 222 10/21/2009 SJ Web Edition


---------------------
; Table of Contents ;
---------------------
  1. Legal Notice
  2. Timing Analyzer Summary
  3. Timing Analyzer Settings
  4. Parallel Compilation
  5. tpd
  6. Timing Analyzer Messages



----------------
; Legal Notice ;
----------------
Copyright (C) 1991-2009 Altera Corporation
Your use of Altera Corporation's design tools, logic functions 
and other software and tools, and its AMPP partner logic 
functions, and any output files from any of the foregoing 
(including device programming or simulation files), and any 
associated documentation or information are expressly subject 
to the terms and conditions of the Altera Program License 
Subscription Agreement, Altera MegaCore Function License 
Agreement, or other applicable license agreement, including, 
without limitation, that your use is for the sole purpose of 
programming logic devices manufactured by Altera and sold by 
Altera or its authorized distributors.  Please refer to the 
applicable agreement for further details.



+-------------------------------------------------------------------------------------------------------------------------+
; Timing Analyzer Summary                                                                                                 ;
+------------------------------+-------+---------------+-------------+--------+----+------------+----------+--------------+
; Type                         ; Slack ; Required Time ; Actual Time ; From   ; To ; From Clock ; To Clock ; Failed Paths ;
+------------------------------+-------+---------------+-------------+--------+----+------------+----------+--------------+
; Worst-case tpd               ; N/A   ; None          ; 10.804 ns   ; inB[1] ; z  ; --         ; --       ; 0            ;
; Total number of failed paths ;       ;               ;             ;        ;    ;            ;          ; 0            ;
+------------------------------+-------+---------------+-------------+--------+----+------------+----------+--------------+


+-----------------------------------------------------------------------------------------------------------------------------------------------------+
; Timing Analyzer Settings                                                                                                                            ;
+------------------------------------------------------------------------------------------------------+--------------------+------+----+-------------+
; Option                                                                                               ; Setting            ; From ; To ; Entity Name ;
+------------------------------------------------------------------------------------------------------+--------------------+------+----+-------------+
; Device Name                                                                                          ; EP2C5T144C6        ;      ;    ;             ;
; Timing Models                                                                                        ; Final              ;      ;    ;             ;
; Default hold multicycle                                                                              ; Same as Multicycle ;      ;    ;             ;
; Cut paths between unrelated clock domains                                                            ; On                 ;      ;    ;             ;
; Cut off read during write signal paths                                                               ; On                 ;      ;    ;             ;
; Cut off feedback from I/O pins                                                                       ; On                 ;      ;    ;             ;
; Report Combined Fast/Slow Timing                                                                     ; Off                ;      ;    ;             ;
; Ignore Clock Settings                                                                                ; Off                ;      ;    ;             ;
; Analyze latches as synchronous elements                                                              ; On                 ;      ;    ;             ;
; Enable Recovery/Removal analysis                                                                     ; Off                ;      ;    ;             ;
; Enable Clock Latency                                                                                 ; Off                ;      ;    ;             ;
; Use TimeQuest Timing Analyzer                                                                        ; Off                ;      ;    ;             ;
; Number of source nodes to report per destination node                                                ; 10                 ;      ;    ;             ;
; Number of destination nodes to report                                                                ; 10                 ;      ;    ;             ;
; Number of paths to report                                                                            ; 200                ;      ;    ;             ;
; Report Minimum Timing Checks                                                                         ; Off                ;      ;    ;             ;
; Use Fast Timing Models                                                                               ; Off                ;      ;    ;             ;
; Report IO Paths Separately                                                                           ; Off                ;      ;    ;             ;
; Perform Multicorner Analysis                                                                         ; On                 ;      ;    ;             ;
; Reports the worst-case path for each clock domain and analysis                                       ; Off                ;      ;    ;             ;
; Reports worst-case timing paths for each clock domain and analysis                                   ; On                 ;      ;    ;             ;
; Specifies the maximum number of worst-case timing paths to report for each clock domain and analysis ; 100                ;      ;    ;             ;
; Removes common clock path pessimism (CCPP) during slack computation                                  ; Off                ;      ;    ;             ;
; Output I/O Timing Endpoint                                                                           ; Near End           ;      ;    ;             ;
+------------------------------------------------------------------------------------------------------+--------------------+------+----+-------------+


Parallel compilation was disabled, but you have multiple processors available. Enable parallel compilation to reduce compilation time.
+-------------------------------------+
; Parallel Compilation                ;
+----------------------------+--------+
; Processors                 ; Number ;
+----------------------------+--------+
; Number detected on machine ; 4      ;
; Maximum allowed            ; 1      ;
+----------------------------+--------+


+-----------------------------------------------------------+
; tpd                                                       ;
+-------+-------------------+-----------------+--------+----+
; Slack ; Required P2P Time ; Actual P2P Time ; From   ; To ;
+-------+-------------------+-----------------+--------+----+
; N/A   ; None              ; 10.804 ns       ; inB[1] ; z  ;
; N/A   ; None              ; 10.765 ns       ; inA[3] ; z  ;
; N/A   ; None              ; 10.533 ns       ; inB[1] ; y  ;
; N/A   ; None              ; 10.504 ns       ; inB[0] ; z  ;
; N/A   ; None              ; 10.494 ns       ; inA[3] ; y  ;
; N/A   ; None              ; 10.417 ns       ; inB[1] ; x  ;
; N/A   ; None              ; 10.378 ns       ; inA[3] ; x  ;
; N/A   ; None              ; 10.273 ns       ; inA[0] ; z  ;
; N/A   ; None              ; 10.233 ns       ; inB[0] ; y  ;
; N/A   ; None              ; 10.117 ns       ; inB[0] ; x  ;
; N/A   ; None              ; 10.002 ns       ; inA[0] ; y  ;
; N/A   ; None              ; 9.886 ns        ; inA[0] ; x  ;
; N/A   ; None              ; 6.902 ns        ; inA[2] ; z  ;
; N/A   ; None              ; 6.856 ns        ; inB[2] ; z  ;
; N/A   ; None              ; 6.732 ns        ; inB[3] ; z  ;
; N/A   ; None              ; 6.703 ns        ; inA[1] ; z  ;
; N/A   ; None              ; 6.631 ns        ; inA[2] ; y  ;
; N/A   ; None              ; 6.585 ns        ; inB[2] ; y  ;
; N/A   ; None              ; 6.515 ns        ; inA[2] ; x  ;
; N/A   ; None              ; 6.469 ns        ; inB[2] ; x  ;
; N/A   ; None              ; 6.461 ns        ; inB[3] ; y  ;
; N/A   ; None              ; 6.432 ns        ; inA[1] ; y  ;
; N/A   ; None              ; 6.345 ns        ; inB[3] ; x  ;
; N/A   ; None              ; 6.316 ns        ; inA[1] ; x  ;
+-------+-------------------+-----------------+--------+----+


+--------------------------+
; Timing Analyzer Messages ;
+--------------------------+
Info: *******************************************************************
Info: Running Quartus II Classic Timing Analyzer
    Info: Version 9.1 Build 222 10/21/2009 SJ Web Edition
    Info: Processing started: Wed Sep 24 14:27:16 2014
Info: Command: quartus_tan --read_settings_files=off --write_settings_files=off Comparator4bits -c Comparator4bits --timing_analysis_only
Info: Longest tpd from source pin "inB[1]" to destination pin "z" is 10.804 ns
    Info: 1: + IC(0.000 ns) + CELL(0.850 ns) = 0.850 ns; Loc. = PIN_135; Fanout = 2; PIN Node = 'inB[1]'
    Info: 2: + IC(5.047 ns) + CELL(0.437 ns) = 6.334 ns; Loc. = LCCOMB_X1_Y13_N2; Fanout = 1; COMB Node = 'LessThan0~1'
    Info: 3: + IC(0.255 ns) + CELL(0.420 ns) = 7.009 ns; Loc. = LCCOMB_X1_Y13_N30; Fanout = 3; COMB Node = 'LessThan0~3'
    Info: 4: + IC(0.254 ns) + CELL(0.149 ns) = 7.412 ns; Loc. = LCCOMB_X1_Y13_N6; Fanout = 1; COMB Node = 'z~0'
    Info: 5: + IC(0.750 ns) + CELL(2.642 ns) = 10.804 ns; Loc. = PIN_8; Fanout = 0; PIN Node = 'z'
    Info: Total cell delay = 4.498 ns ( 41.63 % )
    Info: Total interconnect delay = 6.306 ns ( 58.37 % )
Info: Quartus II Classic Timing Analyzer was successful. 0 errors, 1 warning
    Info: Peak virtual memory: 155 megabytes
    Info: Processing ended: Wed Sep 24 14:27:16 2014
    Info: Elapsed time: 00:00:00
    Info: Total CPU time (on all processors): 00:00:00


